<?xml version="1.0" encoding="UTF-8"?>
<testng-results ignored="0" total="5" passed="5" failed="0" skipped="0">
  <reporter-output>
  </reporter-output>
  <suite started-at="2023-12-27T13:43:34 IST" name="myproject" finished-at="2023-12-27T13:43:59 IST" duration-ms="24587">
    <groups>
    </groups>
    <test started-at="2023-12-27T13:43:34 IST" name="Sample Test" finished-at="2023-12-27T13:43:59 IST" duration-ms="24587">
      <class name="FoodsPageTest">
        <test-method is-config="true" signature="setUp()[pri:0, instance:FoodsPageTest@24aed80c]" started-at="2023-12-27T13:43:46 IST" name="setUp" finished-at="2023-12-27T13:43:53 IST" duration-ms="6767" status="PASS">
          <reporter-output>
          </reporter-output>
        </test-method> <!-- setUp -->
        <test-method signature="foodPage()[pri:0, instance:FoodsPageTest@24aed80c]" started-at="2023-12-27T13:43:53 IST" name="foodPage" finished-at="2023-12-27T13:43:54 IST" duration-ms="1434" status="PASS">
          <reporter-output>
          </reporter-output>
        </test-method> <!-- foodPage -->
        <test-method is-config="true" signature="tearDown()[pri:0, instance:FoodsPageTest@24aed80c]" started-at="2023-12-27T13:43:54 IST" name="tearDown" finished-at="2023-12-27T13:43:56 IST" duration-ms="1358" status="PASS">
          <reporter-output>
          </reporter-output>
        </test-method> <!-- tearDown -->
      </class> <!-- FoodsPageTest -->
      <class name="NewsPageTest">
        <test-method is-config="true" signature="setUp()[pri:0, instance:NewsPageTest@3a52dba3]" started-at="2023-12-27T13:43:52 IST" name="setUp" finished-at="2023-12-27T13:43:57 IST" duration-ms="5520" status="PASS">
          <reporter-output>
          </reporter-output>
        </test-method> <!-- setUp -->
        <test-method signature="newsPaper()[pri:0, instance:NewsPageTest@3a52dba3]" started-at="2023-12-27T13:43:57 IST" name="newsPaper" finished-at="2023-12-27T13:43:58 IST" duration-ms="466" status="PASS">
          <reporter-output>
          </reporter-output>
        </test-method> <!-- newsPaper -->
        <test-method is-config="true" signature="tearDown()[pri:0, instance:NewsPageTest@3a52dba3]" started-at="2023-12-27T13:43:58 IST" name="tearDown" finished-at="2023-12-27T13:43:59 IST" duration-ms="1113" status="PASS">
          <reporter-output>
          </reporter-output>
        </test-method> <!-- tearDown -->
      </class> <!-- NewsPageTest -->
      <class name="DiwaliPageTest">
        <test-method is-config="true" signature="setUp()[pri:0, instance:DiwaliPageTest@24269709]" started-at="2023-12-27T13:43:34 IST" name="setUp" finished-at="2023-12-27T13:43:44 IST" duration-ms="9721" status="PASS">
          <reporter-output>
          </reporter-output>
        </test-method> <!-- setUp -->
        <test-method signature="diwaliUI()[pri:0, instance:DiwaliPageTest@24269709]" started-at="2023-12-27T13:43:44 IST" name="diwaliUI" finished-at="2023-12-27T13:43:45 IST" duration-ms="814" status="PASS">
          <reporter-output>
          </reporter-output>
        </test-method> <!-- diwaliUI -->
        <test-method is-config="true" signature="tearDown()[pri:0, instance:DiwaliPageTest@24269709]" started-at="2023-12-27T13:43:45 IST" name="tearDown" finished-at="2023-12-27T13:43:46 IST" duration-ms="1208" status="PASS">
          <reporter-output>
          </reporter-output>
        </test-method> <!-- tearDown -->
      </class> <!-- DiwaliPageTest -->
      <class name="HomePageTest">
        <test-method is-config="true" signature="setUp()[pri:0, instance:HomePageTest@3c41ed1d]" started-at="2023-12-27T13:43:34 IST" name="setUp" finished-at="2023-12-27T13:43:43 IST" duration-ms="9048" status="PASS">
          <reporter-output>
          </reporter-output>
        </test-method> <!-- setUp -->
        <test-method signature="homePageUi()[pri:0, instance:HomePageTest@3c41ed1d]" started-at="2023-12-27T13:43:43 IST" name="homePageUi" finished-at="2023-12-27T13:43:44 IST" duration-ms="223" status="PASS">
          <reporter-output>
          </reporter-output>
        </test-method> <!-- homePageUi -->
        <test-method is-config="true" signature="tearDown()[pri:0, instance:HomePageTest@3c41ed1d]" started-at="2023-12-27T13:43:44 IST" name="tearDown" finished-at="2023-12-27T13:43:45 IST" duration-ms="1373" status="PASS">
          <reporter-output>
          </reporter-output>
        </test-method> <!-- tearDown -->
      </class> <!-- HomePageTest -->
      <class name="TechnologyPageTest">
        <test-method is-config="true" signature="setUp()[pri:0, instance:TechnologyPageTest@2aceadd4]" started-at="2023-12-27T13:43:45 IST" name="setUp" finished-at="2023-12-27T13:43:50 IST" duration-ms="5007" status="PASS">
          <reporter-output>
          </reporter-output>
        </test-method> <!-- setUp -->
        <test-method signature="TechUi()[pri:0, instance:TechnologyPageTest@2aceadd4]" started-at="2023-12-27T13:43:50 IST" name="TechUi" finished-at="2023-12-27T13:43:50 IST" duration-ms="521" status="PASS">
          <reporter-output>
          </reporter-output>
        </test-method> <!-- TechUi -->
        <test-method is-config="true" signature="tearDown()[pri:0, instance:TechnologyPageTest@2aceadd4]" started-at="2023-12-27T13:43:50 IST" name="tearDown" finished-at="2023-12-27T13:43:52 IST" duration-ms="1177" status="PASS">
          <reporter-output>
          </reporter-output>
        </test-method> <!-- tearDown -->
      </class> <!-- TechnologyPageTest -->
    </test> <!-- Sample Test -->
  </suite> <!-- myproject -->
</testng-results>
