<?xml version="1.0" encoding="UTF-8"?>
<!-- Generated by org.testng.reporters.JUnitXMLReporter -->
<testsuite ignored="0" hostname="DESKTOP-BA6DBII" failures="0" tests="5" name="Sample Test" time="24.587" errors="0" timestamp="2023-12-27T13:43:59 IST">
  <testcase classname="HomePageTest" name="homePageUi" time="0.223"/>
  <testcase classname="DiwaliPageTest" name="diwaliUI" time="0.814"/>
  <testcase classname="TechnologyPageTest" name="TechUi" time="0.521"/>
  <testcase classname="FoodsPageTest" name="foodPage" time="1.434"/>
  <testcase classname="NewsPageTest" name="newsPaper" time="0.466"/>
</testsuite> <!-- Sample Test -->
